--- New request at 2025-04-10 17:39:54 ---
Session state: {"user_id":9,"username":"aaa","email":"aaa@gmail.com","level":3,"logged_in":true,"user_theme":"dark","color_scheme":"default","enable_animations":1,"compact_mode":0}
Processing habit_id: 53 for user_id: 9
Result from completeHabit: {"success":false,"message":"Habit already completed for today"}
About to redirect. HTTP_REFERER: http://localhost/habit-tracker/views/habits.php
Redirecting to ../index.php
--- New request at 2025-04-10 17:40:05 ---
Session state: {"user_id":9,"username":"aaa","email":"aaa@gmail.com","level":3,"logged_in":true,"user_theme":"dark","color_scheme":"default","enable_animations":1,"compact_mode":0}
No habit_id provided
--- New request at 2025-04-10 17:40:08 ---
Session state: {"user_id":9,"username":"aaa","email":"aaa@gmail.com","level":3,"logged_in":true,"user_theme":"dark","color_scheme":"default","enable_animations":1,"compact_mode":0}
Processing habit_id: 54 for user_id: 9
Result from completeHabit: {"success":true,"message":"Habit marked as complete","xp_awarded":10,"level_up":false,"new_level":"3"}
About to redirect. HTTP_REFERER: http://localhost/habit-tracker/views/dashboard.php
Redirecting to ../index.php
--- New request at 2025-04-10 17:40:21 ---
Session state: {"user_id":9,"username":"aaa","email":"aaa@gmail.com","level":3,"logged_in":true,"user_theme":"dark","color_scheme":"default","enable_animations":1,"compact_mode":0}
No habit_id provided
--- New request at 2025-04-10 17:40:38 ---
Session state: {"user_id":9,"username":"aaa","email":"aaa@gmail.com","level":3,"logged_in":true,"user_theme":"dark","color_scheme":"default","enable_animations":1,"compact_mode":0}
Processing habit_id: 55 for user_id: 9
Result from completeHabit: {"success":true,"message":"Habit marked as complete","xp_awarded":10,"level_up":false,"new_level":"3"}
About to redirect. HTTP_REFERER: http://localhost/habit-tracker/views/dashboard.php
Redirecting to ../index.php
--- New request at 2025-04-10 17:40:55 ---
Session state: {"user_id":9,"username":"aaa","email":"aaa@gmail.com","level":3,"logged_in":true,"user_theme":"dark","color_scheme":"default","enable_animations":1,"compact_mode":0}
Processing habit_id: 56 for user_id: 9
Result from completeHabit: {"success":true,"message":"Habit marked as complete","xp_awarded":10,"level_up":false,"new_level":"3"}
About to redirect. HTTP_REFERER: http://localhost/habit-tracker/views/dashboard.php
Redirecting to ../index.php
--- New request at 2025-04-10 17:41:12 ---
Session state: {"user_id":9,"username":"aaa","email":"aaa@gmail.com","level":3,"logged_in":true,"user_theme":"dark","color_scheme":"default","enable_animations":1,"compact_mode":0}
Processing habit_id: 57 for user_id: 9
Result from completeHabit: {"success":true,"message":"Habit marked as complete","xp_awarded":10,"level_up":false,"new_level":"3"}
About to redirect. HTTP_REFERER: http://localhost/habit-tracker/views/dashboard.php
Redirecting to ../index.php
--- New request at 2025-04-10 17:41:14 ---
Session state: {"user_id":9,"username":"aaa","email":"aaa@gmail.com","level":3,"logged_in":true,"user_theme":"dark","color_scheme":"default","enable_animations":1,"compact_mode":0}
Processing habit_id: 57 for user_id: 9
Result from completeHabit: {"success":false,"message":"Habit already completed for today"}
About to redirect. HTTP_REFERER: http://localhost/habit-tracker/views/dashboard.php
Redirecting to ../index.php
--- New request at 2025-04-10 17:41:14 ---
Session state: {"user_id":9,"username":"aaa","email":"aaa@gmail.com","level":3,"logged_in":true,"user_theme":"dark","color_scheme":"default","enable_animations":1,"compact_mode":0}
Processing habit_id: 57 for user_id: 9
Result from completeHabit: {"success":false,"message":"Habit already completed for today"}
About to redirect. HTTP_REFERER: http://localhost/habit-tracker/views/dashboard.php
Redirecting to ../index.php
--- New request at 2025-04-10 17:41:14 ---
Session state: {"user_id":9,"username":"aaa","email":"aaa@gmail.com","level":3,"logged_in":true,"user_theme":"dark","color_scheme":"default","enable_animations":1,"compact_mode":0}
Processing habit_id: 57 for user_id: 9
Result from completeHabit: {"success":false,"message":"Habit already completed for today"}
About to redirect. HTTP_REFERER: http://localhost/habit-tracker/views/dashboard.php
Redirecting to ../index.php
